
================================================================
  Recording started — QA  (https://aoqa.realpage.com)
  Video, HAR, screenshots and metrics are being captured.
  Go ahead and use the app normally.
  Type  done  here and press ENTER when you are finished.
================================================================

  Stop flag: docs\perf_reports\STOP_qa
  (Create that file, or run:  python scripts/perf_record_ocr.py --stop qa)

================================================================
  PERFORMANCE REPORT — QA  |  https://aoqa.realpage.com
================================================================

── Web Vitals ─────────────────────────────────────────────
  LCP  Largest Contentful Paint  5752.0 ms  [POOR]
  CLS  Cumulative Layout Shift   5.5   [POOR]
  FID  First Input Delay         0.6 ms  [GOOD]
  Long Tasks  105 tasks  /  10091 ms total  ⚠  BLOCKS MAIN THREAD

── Navigation Timing ──────────────────────────────────────
  DNS lookup                         0 ms
  TCP connect                        0 ms
  Time to First Byte               586 ms
  Response download                  1 ms
  DOM / JS parse                   664 ms
  Load event                         0 ms
  Total page load                 1375 ms

── Resources by Type ──────────────────────────────────────
  Type            Reqs   Total ms   Total KB
  xmlhttprequest    51      23940       14.0
  fetch             89      16356      350.4
  script            79        679        0.0
  other              1          1        0.0
  link              12          0        0.0
  css               13          0        0.0
  img                5          0        0.0

── Slowest Requests  (>500ms) ────────────────────────────
     2413 ms  [fetch   ]  https://aoqa.realpage.com/ysconfig/app/property/search
     1307 ms  [fetch   ]  https://aoqa.realpage.com/ysconfig/app/state
      960 ms  [xmlhttprequest]  https://ysrmsappqa.realpage.com/ds/fetch-data
      842 ms  [xmlhttprequest]  https://aoqa.realpage.com/ysconfig/wp/AIRM/property_dashboard
      841 ms  [xmlhttprequest]  https://aoqa.realpage.com/ysconfig/wp/AIRM/portfolio_dashboard
      840 ms  [xmlhttprequest]  https://aoqa.realpage.com/ysconfig/wp/AIRM/forecast_dashboard
      811 ms  [xmlhttprequest]  https://aoqa.realpage.com/ysconfig/wp/AIRM/SelectedPropertyDashboard
      777 ms  [xmlhttprequest]  https://ysrmsappqa.realpage.com/airm-dashboard/getAverageRent
      752 ms  [xmlhttprequest]  https://ysrmsappqa.realpage.com/ds/fetch-data
      688 ms  [xmlhttprequest]  https://ysrmsappqa.realpage.com/airm-dashboard/benchmarks/350270
      679 ms  [xmlhttprequest]  https://ysrmsappqa.realpage.com/settings/getallpropertyparameters
      657 ms  [xmlhttprequest]  https://ysrmsappqa.realpage.com/ds/fetch-data

── Console Errors / Warnings  (54) ──────────────────────
  [ERROR  ]  Failed to load resource: net::ERR_NAME_NOT_RESOLVED
  [WARNING]  Google Maps JavaScript API has been loaded directly without loading=async. This can result in subopt
  [ERROR  ]  The library weather is unknown. Please see https://developers.google.com/maps/documentation/javascri
  [WARNING]  ag-Grid: colDef.width should be a number, not string
  [WARNING]  Mixed Content: The page at 'https://aoqa.realpage.com/ys/rm/ai/dashboards/property' was loaded over 
  [ERROR  ]  Failed to load resource: the server responded with a status of 500 ()
  [ERROR  ]  ERROR TypeError: Cannot read properties of null (reading 'keys')
    at e.ngOnInit (https://aoqa.rea
  [ERROR  ]  ERROR TypeError: Cannot read properties of null (reading 'keys')
    at e.ngOnInit (https://aoqa.rea
  [WARNING]  Deprecation warning: value provided is not in a recognized RFC2822 or ISO format. moment constructio
  [ERROR  ]  ERROR TypeError: Cannot read properties of null (reading 'score')
    at dashboardsDataService.getBe
  [ERROR  ]  RAUL Paging Bar Component ERROR: current page can't be less than 1 or greater than total pages numbe
  [WARNING]  ag-Grid: tried to call sizeColumnsToFit() but the grid is coming back with zero width, maybe the gri
  [WARNING]  ag-Grid: tried to call sizeColumnsToFit() but the grid is coming back with zero width, maybe the gri
  [WARNING]  ag-Grid: tried to call sizeColumnsToFit() but the grid is coming back with zero width, maybe the gri
  [WARNING]  ag-Grid: tried to call sizeColumnsToFit() but the grid is coming back with zero width, maybe the gri
  [ERROR  ]  Failed to load resource: net::ERR_NAME_NOT_RESOLVED
  [WARNING]  Google Maps JavaScript API has been loaded directly without loading=async. This can result in subopt
  [ERROR  ]  The library weather is unknown. Please see https://developers.google.com/maps/documentation/javascri
  [WARNING]  Mixed Content: The page at 'https://aoqa.realpage.com/ys/rm/ai/dashboards/property' was loaded over 
  [ERROR  ]  ERROR TypeError: Cannot read properties of null (reading 'keys')
    at e.ngOnInit (https://aoqa.rea

── Failed Network Requests  (16) ──────────────────────────
  GET  https://data.pendo.io/data/guide.js/7acefbd3-a47d-498b-5904-08ab2e384aff?jzb=eJx
         → net::ERR_BLOCKED_BY_ORB
  GET  https://data.pendo.io/data/ptm.gif/7acefbd3-a47d-498b-5904-08ab2e384aff?v=2.83.2
         → net::ERR_BLOCKED_BY_ORB
  POST  https://www.google-analytics.com/g/collect?v=2&tid=G-H8Y5PW0TDE&gtm=45je66a1v920
         → net::ERR_ABORTED
  GET  https://data.pendo.io/data/ptm.gif/7acefbd3-a47d-498b-5904-08ab2e384aff?v=2.83.2
         → net::ERR_ABORTED
  GET  https://cs-cdn-dev.realpage.com/EXPLORE/ao/img/landing/us/Hero-background2.png
         → net::ERR_ABORTED
  POST  https://www.google-analytics.com/g/collect?v=2&tid=G-HFM1PZKE5M&gtm=45je66a1h1v9
         → net::ERR_ABORTED
  GET  https://tracking-stg.realpage.com/tracker?systemId=SYPO1
         → net::ERR_NAME_NOT_RESOLVED
  GET  https://www.googletagmanager.com/gtm.js?id=function%20De(t){return()=%3Et.getGoo
         → net::ERR_BLOCKED_BY_ORB
  GET  https://www.googletagmanager.com/ns.html?id=function%20De(t){return()=%3Et.getGo
         → net::ERR_ABORTED
  POST  https://www.google-analytics.com/g/collect?v=2&tid=G-HFM1PZKE5M&gtm=45je66a1h1v9
         → net::ERR_ABORTED
  GET  https://tracking-stg.realpage.com/tracker?systemId=SYPO1
         → net::ERR_NAME_NOT_RESOLVED
  GET  https://www.googletagmanager.com/gtm.js?id=function%20De(t){return()=%3Et.getGoo
         → net::ERR_BLOCKED_BY_ORB

── HTTP 4xx / 5xx Responses  (8) ──────────────────────
  404  GET  https://www.googletagmanager.com/ns.html?id=function%20De(t){return()=%3Et.getGo
  500  GET  https://ysrmsappqa.realpage.com/airm-dashboard/amenities?ysmasterPropertyId=3502
  404  GET  https://www.googletagmanager.com/ns.html?id=function%20De(t){return()=%3Et.getGo
  500  GET  https://ysrmsappqa.realpage.com/airm-dashboard/amenities?ysmasterPropertyId=3502
  500  GET  https://ysrmsappqa.realpage.com/airm-dashboard/amenities?ysmasterPropertyId=3502
  404  GET  https://ysrmsappqa.realpage.com/airm-dashboard/bookstranslation/118753
  404  GET  https://ysrmsappqa.realpage.com/airm-dashboard/bookstranslation/128273
  404  GET  https://ysrmsappqa.realpage.com/airm-dashboard/bookstranslation/2388

  Screenshots : docs\perf_reports\shots_qa_20260613_061334
  Video       : not recorded (ffmpeg unavailable)
  Full report : docs\perf_reports\perf_qa_20260613_061334.json
  HAR         : docs\perf_reports\network_qa_20260613_061334.har
================================================================

